{"/Users/deonsanchez/Code/web-scraper-microservice/src/server.ts": {"path":"/Users/deonsanchez/Code/web-scraper-microservice/src/server.ts","statementMap":{"0":{"start":{"line":1,"column":0},"end":{"line":1,"column":30}},"1":{"start":{"line":2,"column":0},"end":{"line":2,"column":24}},"2":{"start":{"line":3,"column":0},"end":{"line":3,"column":28}},"3":{"start":{"line":4,"column":0},"end":{"line":4,"column":28}},"4":{"start":{"line":5,"column":0},"end":{"line":5,"column":61}},"5":{"start":{"line":6,"column":0},"end":{"line":6,"column":30}},"6":{"start":{"line":9,"column":0},"end":{"line":9,"column":16}},"7":{"start":{"line":11,"column":12},"end":{"line":11,"column":21}},"8":{"start":{"line":12,"column":13},"end":{"line":12,"column":37}},"9":{"start":{"line":15,"column":0},"end":{"line":15,"column":18}},"10":{"start":{"line":16,"column":0},"end":{"line":16,"column":16}},"11":{"start":{"line":17,"column":0},"end":{"line":17,"column":24}},"12":{"start":{"line":20,"column":0},"end":{"line":20,"column":29}},"13":{"start":{"line":23,"column":0},"end":{"line":23,"column":24}},"14":{"start":{"line":26,"column":0},"end":{"line":40,"column":2}},"15":{"start":{"line":33,"column":4},"end":{"line":33,"column":29}},"16":{"start":{"line":34,"column":4},"end":{"line":38,"column":7}},"17":{"start":{"line":43,"column":0},"end":{"line":45,"column":3}},"18":{"start":{"line":44,"column":2},"end":{"line":44,"column":51}}},"fnMap":{"0":{"name":"(anonymous_1)","decl":{"start":{"line":27,"column":2},"end":{"line":27,"column":null}},"loc":{"start":{"line":32,"column":6},"end":{"line":39,"column":3}}},"1":{"name":"(anonymous_2)","decl":{"start":{"line":43,"column":17},"end":{"line":43,"column":20}},"loc":{"start":{"line":43,"column":22},"end":{"line":45,"column":1}}}},"branchMap":{"0":{"loc":{"start":{"line":12,"column":13},"end":{"line":12,"column":37}},"type":"binary-expr","locations":[{"start":{"line":12,"column":13},"end":{"line":12,"column":29}},{"start":{"line":12,"column":33},"end":{"line":12,"column":37}}]},"1":{"loc":{"start":{"line":37,"column":13},"end":{"line":37,"column":77}},"type":"cond-expr","locations":[{"start":{"line":37,"column":54},"end":{"line":37,"column":65}},{"start":{"line":37,"column":68},"end":{"line":37,"column":77}}]}},"s":{"0":0,"1":0,"2":0,"3":0,"4":0,"5":0,"6":0,"7":0,"8":0,"9":0,"10":0,"11":0,"12":0,"13":0,"14":0,"15":0,"16":0,"17":0,"18":0},"f":{"0":0,"1":0},"b":{"0":[0,0],"1":[0,0]}}
,"/Users/deonsanchez/Code/web-scraper-microservice/src/controllers/scraper.controller.ts": {"path":"/Users/deonsanchez/Code/web-scraper-microservice/src/controllers/scraper.controller.ts","statementMap":{"0":{"start":{"line":3,"column":0},"end":{"line":3,"column":56}},"1":{"start":{"line":6,"column":19},"end":{"line":13,"column":1}},"2":{"start":{"line":7,"column":2},"end":{"line":12,"column":3}},"3":{"start":{"line":8,"column":4},"end":{"line":8,"column":17}},"4":{"start":{"line":9,"column":4},"end":{"line":9,"column":16}},"5":{"start":{"line":11,"column":4},"end":{"line":11,"column":17}},"6":{"start":{"line":15,"column":29},"end":{"line":49,"column":1}},"7":{"start":{"line":20,"column":2},"end":{"line":48,"column":3}},"8":{"start":{"line":21,"column":20},"end":{"line":21,"column":28}},"9":{"start":{"line":24,"column":4},"end":{"line":29,"column":5}},"10":{"start":{"line":25,"column":6},"end":{"line":28,"column":9}},"11":{"start":{"line":32,"column":4},"end":{"line":37,"column":5}},"12":{"start":{"line":33,"column":6},"end":{"line":36,"column":9}},"13":{"start":{"line":40,"column":24},"end":{"line":40,"column":44}},"14":{"start":{"line":42,"column":4},"end":{"line":45,"column":7}},"15":{"start":{"line":47,"column":4},"end":{"line":47,"column":16}},"16":{"start":{"line":15,"column":13},"end":{"line":15,"column":29}}},"fnMap":{"0":{"name":"(anonymous_0)","decl":{"start":{"line":6,"column":19},"end":{"line":6,"column":20}},"loc":{"start":{"line":6,"column":44},"end":{"line":13,"column":1}}},"1":{"name":"(anonymous_1)","decl":{"start":{"line":15,"column":29},"end":{"line":15,"column":34}},"loc":{"start":{"line":19,"column":4},"end":{"line":49,"column":1}}}},"branchMap":{"0":{"loc":{"start":{"line":24,"column":4},"end":{"line":29,"column":5}},"type":"if","locations":[{"start":{"line":24,"column":4},"end":{"line":29,"column":5}}]},"1":{"loc":{"start":{"line":32,"column":4},"end":{"line":37,"column":5}},"type":"if","locations":[{"start":{"line":32,"column":4},"end":{"line":37,"column":5}}]}},"s":{"0":0,"1":0,"2":0,"3":0,"4":0,"5":0,"6":0,"7":0,"8":0,"9":0,"10":0,"11":0,"12":0,"13":0,"14":0,"15":0,"16":0},"f":{"0":0,"1":0},"b":{"0":[0],"1":[0]}}
,"/Users/deonsanchez/Code/web-scraper-microservice/src/middlewares/rateLimit.middleware.ts": {"path":"/Users/deonsanchez/Code/web-scraper-microservice/src/middlewares/rateLimit.middleware.ts","statementMap":{"0":{"start":{"line":4,"column":76},"end":{"line":4,"column":78}},"1":{"start":{"line":5,"column":18},"end":{"line":5,"column":27}},"2":{"start":{"line":6,"column":21},"end":{"line":6,"column":23}},"3":{"start":{"line":8,"column":20},"end":{"line":35,"column":1}},"4":{"start":{"line":9,"column":13},"end":{"line":9,"column":32}},"5":{"start":{"line":10,"column":14},"end":{"line":10,"column":24}},"6":{"start":{"line":13,"column":2},"end":{"line":20,"column":3}},"7":{"start":{"line":14,"column":4},"end":{"line":17,"column":6}},"8":{"start":{"line":18,"column":4},"end":{"line":18,"column":11}},"9":{"start":{"line":19,"column":4},"end":{"line":19,"column":11}},"10":{"start":{"line":23,"column":2},"end":{"line":23,"column":28}},"11":{"start":{"line":26,"column":2},"end":{"line":32,"column":3}},"12":{"start":{"line":27,"column":4},"end":{"line":30,"column":7}},"13":{"start":{"line":31,"column":4},"end":{"line":31,"column":11}},"14":{"start":{"line":34,"column":2},"end":{"line":34,"column":9}},"15":{"start":{"line":37,"column":0},"end":{"line":37,"column":27}}},"fnMap":{"0":{"name":"(anonymous_0)","decl":{"start":{"line":8,"column":20},"end":{"line":8,"column":21}},"loc":{"start":{"line":8,"column":78},"end":{"line":35,"column":1}}}},"branchMap":{"0":{"loc":{"start":{"line":9,"column":13},"end":{"line":9,"column":32}},"type":"binary-expr","locations":[{"start":{"line":9,"column":13},"end":{"line":9,"column":19}},{"start":{"line":9,"column":23},"end":{"line":9,"column":32}}]},"1":{"loc":{"start":{"line":13,"column":2},"end":{"line":20,"column":3}},"type":"if","locations":[{"start":{"line":13,"column":2},"end":{"line":20,"column":3}}]},"2":{"loc":{"start":{"line":13,"column":6},"end":{"line":13,"column":61}},"type":"binary-expr","locations":[{"start":{"line":13,"column":6},"end":{"line":13,"column":24}},{"start":{"line":13,"column":28},"end":{"line":13,"column":61}}]},"3":{"loc":{"start":{"line":26,"column":2},"end":{"line":32,"column":3}},"type":"if","locations":[{"start":{"line":26,"column":2},"end":{"line":32,"column":3}}]}},"s":{"0":0,"1":0,"2":0,"3":0,"4":0,"5":0,"6":0,"7":0,"8":0,"9":0,"10":0,"11":0,"12":0,"13":0,"14":0,"15":0},"f":{"0":0},"b":{"0":[0,0],"1":[0],"2":[0,0],"3":[0]}}
,"/Users/deonsanchez/Code/web-scraper-microservice/src/routes/index.ts": {"path":"/Users/deonsanchez/Code/web-scraper-microservice/src/routes/index.ts","statementMap":{"0":{"start":{"line":1,"column":0},"end":{"line":1,"column":30}},"1":{"start":{"line":2,"column":0},"end":{"line":2,"column":45}},"2":{"start":{"line":4,"column":15},"end":{"line":4,"column":31}},"3":{"start":{"line":6,"column":0},"end":{"line":6,"column":38}},"4":{"start":{"line":8,"column":0},"end":{"line":8,"column":22}}},"fnMap":{},"branchMap":{},"s":{"0":0,"1":0,"2":0,"3":0,"4":0},"f":{},"b":{}}
,"/Users/deonsanchez/Code/web-scraper-microservice/src/routes/scraper.routes.ts": {"path":"/Users/deonsanchez/Code/web-scraper-microservice/src/routes/scraper.routes.ts","statementMap":{"0":{"start":{"line":1,"column":0},"end":{"line":1,"column":42}},"1":{"start":{"line":2,"column":0},"end":{"line":2,"column":66}},"2":{"start":{"line":3,"column":23},"end":{"line":3,"column":39}},"3":{"start":{"line":6,"column":0},"end":{"line":6,"column":32}},"4":{"start":{"line":8,"column":0},"end":{"line":8,"column":22}}},"fnMap":{},"branchMap":{},"s":{"0":0,"1":0,"2":0,"3":0,"4":0},"f":{},"b":{}}
,"/Users/deonsanchez/Code/web-scraper-microservice/src/services/scraper.service.ts": {"path":"/Users/deonsanchez/Code/web-scraper-microservice/src/services/scraper.service.ts","statementMap":{"0":{"start":{"line":1,"column":0},"end":{"line":1,"column":34}},"1":{"start":{"line":2,"column":0},"end":{"line":2,"column":75}},"2":{"start":{"line":3,"column":0},"end":{"line":3,"column":37}},"3":{"start":{"line":10,"column":25},"end":{"line":244,"column":1}},"4":{"start":{"line":12,"column":2},"end":{"line":243,"column":3}},"5":{"start":{"line":14,"column":4},"end":{"line":17,"column":7}},"6":{"start":{"line":20,"column":17},"end":{"line":20,"column":40}},"7":{"start":{"line":23,"column":4},"end":{"line":23,"column":50}},"8":{"start":{"line":26,"column":4},"end":{"line":26,"column":57}},"9":{"start":{"line":29,"column":4},"end":{"line":34,"column":7}},"10":{"start":{"line":30,"column":6},"end":{"line":32,"column":8}},"11":{"start":{"line":33,"column":6},"end":{"line":33,"column":29}},"12":{"start":{"line":37,"column":4},"end":{"line":37,"column":56}},"13":{"start":{"line":40,"column":4},"end":{"line":68,"column":5}},"14":{"start":{"line":42,"column":30},"end":{"line":51,"column":8}},"15":{"start":{"line":54,"column":6},"end":{"line":64,"column":7}},"16":{"start":{"line":55,"column":8},"end":{"line":63,"column":9}},"17":{"start":{"line":56,"column":10},"end":{"line":60,"column":14}},"18":{"start":{"line":59,"column":14},"end":{"line":59,"column":73}},"19":{"start":{"line":62,"column":10},"end":{"line":62,"column":65}},"20":{"start":{"line":62,"column":39},"end":{"line":62,"column":63}},"21":{"start":{"line":66,"column":6},"end":{"line":66,"column":62}},"22":{"start":{"line":71,"column":23},"end":{"line":138,"column":6}},"23":{"start":{"line":73,"column":23},"end":{"line":73,"column":69}},"24":{"start":{"line":74,"column":29},"end":{"line":84,"column":8}},"25":{"start":{"line":86,"column":6},"end":{"line":88,"column":7}},"26":{"start":{"line":86,"column":40},"end":{"line":86,"column":65}},"27":{"start":{"line":87,"column":8},"end":{"line":87,"column":20}},"28":{"start":{"line":91,"column":6},"end":{"line":97,"column":7}},"29":{"start":{"line":96,"column":8},"end":{"line":96,"column":20}},"30":{"start":{"line":99,"column":6},"end":{"line":105,"column":7}},"31":{"start":{"line":104,"column":8},"end":{"line":104,"column":20}},"32":{"start":{"line":108,"column":23},"end":{"line":119,"column":8}},"33":{"start":{"line":111,"column":22},"end":{"line":111,"column":49}},"34":{"start":{"line":112,"column":8},"end":{"line":118,"column":10}},"35":{"start":{"line":121,"column":6},"end":{"line":135,"column":7}},"36":{"start":{"line":122,"column":21},"end":{"line":122,"column":61}},"37":{"start":{"line":123,"column":29},"end":{"line":130,"column":10}},"38":{"start":{"line":132,"column":8},"end":{"line":134,"column":9}},"39":{"start":{"line":132,"column":38},"end":{"line":132,"column":57}},"40":{"start":{"line":133,"column":10},"end":{"line":133,"column":22}},"41":{"start":{"line":137,"column":6},"end":{"line":137,"column":19}},"42":{"start":{"line":140,"column":4},"end":{"line":144,"column":5}},"43":{"start":{"line":141,"column":6},"end":{"line":143,"column":8}},"44":{"start":{"line":147,"column":18},"end":{"line":147,"column":36}},"45":{"start":{"line":150,"column":24},"end":{"line":150,"column":74}},"46":{"start":{"line":150,"column":50},"end":{"line":150,"column":73}},"47":{"start":{"line":153,"column":19},"end":{"line":221,"column":6}},"48":{"start":{"line":155,"column":24},"end":{"line":155,"column":68}},"49":{"start":{"line":158,"column":29},"end":{"line":213,"column":8}},"50":{"start":{"line":159,"column":20},"end":{"line":159,"column":41}},"51":{"start":{"line":160,"column":20},"end":{"line":160,"column":49}},"52":{"start":{"line":161,"column":24},"end":{"line":161,"column":51}},"53":{"start":{"line":162,"column":19},"end":{"line":162,"column":39}},"54":{"start":{"line":165,"column":21},"end":{"line":165,"column":38}},"55":{"start":{"line":166,"column":30},"end":{"line":166,"column":35}},"56":{"start":{"line":167,"column":20},"end":{"line":167,"column":21}},"57":{"start":{"line":170,"column":8},"end":{"line":187,"column":9}},"58":{"start":{"line":171,"column":32},"end":{"line":171,"column":62}},"59":{"start":{"line":172,"column":27},"end":{"line":172,"column":50}},"60":{"start":{"line":174,"column":10},"end":{"line":183,"column":11}},"61":{"start":{"line":181,"column":12},"end":{"line":181,"column":35}},"62":{"start":{"line":182,"column":12},"end":{"line":182,"column":18}},"63":{"start":{"line":185,"column":10},"end":{"line":185,"column":40}},"64":{"start":{"line":186,"column":10},"end":{"line":186,"column":18}},"65":{"start":{"line":192,"column":10},"end":{"line":209,"column":25}},"66":{"start":{"line":212,"column":8},"end":{"line":212,"column":27}},"67":{"start":{"line":215,"column":6},"end":{"line":220,"column":10}},"68":{"start":{"line":215,"column":40},"end":{"line":220,"column":8}},"69":{"start":{"line":223,"column":4},"end":{"line":230,"column":6}},"70":{"start":{"line":232,"column":4},"end":{"line":232,"column":55}},"71":{"start":{"line":233,"column":4},"end":{"line":237,"column":6}},"72":{"start":{"line":240,"column":4},"end":{"line":242,"column":5}},"73":{"start":{"line":241,"column":6},"end":{"line":241,"column":28}},"74":{"start":{"line":10,"column":13},"end":{"line":10,"column":25}}},"fnMap":{"0":{"name":"(anonymous_1)","decl":{"start":{"line":10,"column":25},"end":{"line":10,"column":30}},"loc":{"start":{"line":10,"column":47},"end":{"line":244,"column":1}}},"1":{"name":"(anonymous_2)","decl":{"start":{"line":29,"column":22},"end":{"line":29,"column":27}},"loc":{"start":{"line":29,"column":37},"end":{"line":34,"column":5}}},"2":{"name":"(anonymous_3)","decl":{"start":{"line":58,"column":19},"end":{"line":58,"column":22}},"loc":{"start":{"line":59,"column":14},"end":{"line":59,"column":73}}},"3":{"name":"(anonymous_4)","decl":{"start":{"line":62,"column":28},"end":{"line":62,"column":35}},"loc":{"start":{"line":62,"column":39},"end":{"line":62,"column":63}}},"4":{"name":"(anonymous_5)","decl":{"start":{"line":71,"column":43},"end":{"line":71,"column":46}},"loc":{"start":{"line":71,"column":48},"end":{"line":138,"column":5}}},"5":{"name":"(anonymous_6)","decl":{"start":{"line":86,"column":30},"end":{"line":86,"column":36}},"loc":{"start":{"line":86,"column":40},"end":{"line":86,"column":65}}},"6":{"name":"(anonymous_7)","decl":{"start":{"line":110,"column":15},"end":{"line":110,"column":17}},"loc":{"start":{"line":110,"column":20},"end":{"line":119,"column":7}}},"7":{"name":"(anonymous_8)","decl":{"start":{"line":132,"column":30},"end":{"line":132,"column":34}},"loc":{"start":{"line":132,"column":38},"end":{"line":132,"column":57}}},"8":{"name":"(anonymous_9)","decl":{"start":{"line":150,"column":44},"end":{"line":150,"column":47}},"loc":{"start":{"line":150,"column":50},"end":{"line":150,"column":73}}},"9":{"name":"(anonymous_10)","decl":{"start":{"line":153,"column":39},"end":{"line":153,"column":42}},"loc":{"start":{"line":153,"column":44},"end":{"line":221,"column":5}}},"10":{"name":"(anonymous_11)","decl":{"start":{"line":158,"column":46},"end":{"line":158,"column":49}},"loc":{"start":{"line":158,"column":52},"end":{"line":213,"column":7}}},"11":{"name":"(anonymous_12)","decl":{"start":{"line":215,"column":32},"end":{"line":215,"column":35}},"loc":{"start":{"line":215,"column":40},"end":{"line":220,"column":8}}}},"branchMap":{"0":{"loc":{"start":{"line":55,"column":8},"end":{"line":63,"column":9}},"type":"if","locations":[{"start":{"line":55,"column":8},"end":{"line":63,"column":9}}]},"1":{"loc":{"start":{"line":73,"column":23},"end":{"line":73,"column":69}},"type":"binary-expr","locations":[{"start":{"line":73,"column":23},"end":{"line":73,"column":63}},{"start":{"line":73,"column":67},"end":{"line":73,"column":69}}]},"2":{"loc":{"start":{"line":86,"column":6},"end":{"line":88,"column":7}},"type":"if","locations":[{"start":{"line":86,"column":6},"end":{"line":88,"column":7}}]},"3":{"loc":{"start":{"line":91,"column":6},"end":{"line":97,"column":7}},"type":"if","locations":[{"start":{"line":91,"column":6},"end":{"line":97,"column":7}}]},"4":{"loc":{"start":{"line":99,"column":6},"end":{"line":105,"column":7}},"type":"if","locations":[{"start":{"line":99,"column":6},"end":{"line":105,"column":7}}]},"5":{"loc":{"start":{"line":113,"column":10},"end":{"line":117,"column":66}},"type":"binary-expr","locations":[{"start":{"line":113,"column":11},"end":{"line":113,"column":37}},{"start":{"line":113,"column":41},"end":{"line":113,"column":70}},{"start":{"line":114,"column":10},"end":{"line":114,"column":33}},{"start":{"line":115,"column":10},"end":{"line":115,"column":43}},{"start":{"line":116,"column":11},"end":{"line":116,"column":62}},{"start":{"line":117,"column":12},"end":{"line":117,"column":65}}]},"6":{"loc":{"start":{"line":122,"column":21},"end":{"line":122,"column":61}},"type":"binary-expr","locations":[{"start":{"line":122,"column":21},"end":{"line":122,"column":55}},{"start":{"line":122,"column":59},"end":{"line":122,"column":61}}]},"7":{"loc":{"start":{"line":132,"column":8},"end":{"line":134,"column":9}},"type":"if","locations":[{"start":{"line":132,"column":8},"end":{"line":134,"column":9}}]},"8":{"loc":{"start":{"line":140,"column":4},"end":{"line":144,"column":5}},"type":"if","locations":[{"start":{"line":140,"column":4},"end":{"line":144,"column":5}}]},"9":{"loc":{"start":{"line":160,"column":21},"end":{"line":160,"column":34}},"type":"binary-expr","locations":[{"start":{"line":160,"column":21},"end":{"line":160,"column":28}},{"start":{"line":160,"column":32},"end":{"line":160,"column":34}}]},"10":{"loc":{"start":{"line":170,"column":15},"end":{"line":170,"column":34}},"type":"binary-expr","locations":[{"start":{"line":170,"column":15},"end":{"line":170,"column":21}},{"start":{"line":170,"column":25},"end":{"line":170,"column":34}}]},"11":{"loc":{"start":{"line":174,"column":10},"end":{"line":183,"column":11}},"type":"if","locations":[{"start":{"line":174,"column":10},"end":{"line":183,"column":11}}]},"12":{"loc":{"start":{"line":175,"column":12},"end":{"line":179,"column":46}},"type":"binary-expr","locations":[{"start":{"line":175,"column":12},"end":{"line":175,"column":64}},{"start":{"line":176,"column":12},"end":{"line":176,"column":59}},{"start":{"line":177,"column":12},"end":{"line":177,"column":42}},{"start":{"line":178,"column":12},"end":{"line":178,"column":53}},{"start":{"line":179,"column":12},"end":{"line":179,"column":46}}]},"13":{"loc":{"start":{"line":192,"column":10},"end":{"line":209,"column":25}},"type":"binary-expr","locations":[{"start":{"line":192,"column":10},"end":{"line":192,"column":31}},{"start":{"line":193,"column":10},"end":{"line":193,"column":36}},{"start":{"line":194,"column":10},"end":{"line":194,"column":33}},{"start":{"line":195,"column":10},"end":{"line":195,"column":39}},{"start":{"line":196,"column":10},"end":{"line":196,"column":32}},{"start":{"line":197,"column":10},"end":{"line":197,"column":40}},{"start":{"line":198,"column":10},"end":{"line":198,"column":35}},{"start":{"line":199,"column":10},"end":{"line":199,"column":44}},{"start":{"line":201,"column":10},"end":{"line":201,"column":39}},{"start":{"line":202,"column":10},"end":{"line":202,"column":33}},{"start":{"line":204,"column":10},"end":{"line":204,"column":56}},{"start":{"line":205,"column":10},"end":{"line":205,"column":51}},{"start":{"line":207,"column":11},"end":{"line":207,"column":26}},{"start":{"line":207,"column":30},"end":{"line":207,"column":46}},{"start":{"line":209,"column":10},"end":{"line":209,"column":25}}]},"14":{"loc":{"start":{"line":235,"column":8},"end":{"line":235,"column":null}},"type":"cond-expr","locations":[{"start":{"line":235,"column":33},"end":{"line":235,"column":46}},{"start":{"line":235,"column":49},"end":{"line":235,"column":null}}]},"15":{"loc":{"start":{"line":240,"column":4},"end":{"line":242,"column":5}},"type":"if","locations":[{"start":{"line":240,"column":4},"end":{"line":242,"column":5}}]}},"s":{"0":1,"1":1,"2":1,"3":1,"4":7,"5":7,"6":7,"7":7,"8":7,"9":7,"10":1,"11":1,"12":7,"13":6,"14":6,"15":6,"16":48,"17":12,"18":0,"19":12,"20":12,"21":0,"22":6,"23":0,"24":0,"25":0,"26":0,"27":0,"28":0,"29":0,"30":0,"31":0,"32":0,"33":0,"34":0,"35":0,"36":0,"37":0,"38":0,"39":0,"40":0,"41":0,"42":6,"43":1,"44":6,"45":5,"46":0,"47":5,"48":0,"49":0,"50":0,"51":0,"52":0,"53":0,"54":0,"55":0,"56":0,"57":0,"58":0,"59":0,"60":0,"61":0,"62":0,"63":0,"64":0,"65":0,"66":0,"67":0,"68":0,"69":5,"70":2,"71":2,"72":7,"73":7,"74":1},"f":{"0":7,"1":1,"2":0,"3":12,"4":0,"5":0,"6":0,"7":0,"8":0,"9":0,"10":0,"11":0},"b":{"0":[12],"1":[0,0],"2":[0],"3":[0],"4":[0],"5":[0,0,0,0,0,0],"6":[0,0],"7":[0],"8":[1],"9":[0,0],"10":[0,0],"11":[0],"12":[0,0,0,0,0],"13":[0,0,0,0,0,0,0,0,0,0,0,0,0,0,0],"14":[2,0],"15":[7]}}
,"/Users/deonsanchez/Code/web-scraper-microservice/src/utils/logger.ts": {"path":"/Users/deonsanchez/Code/web-scraper-microservice/src/utils/logger.ts","statementMap":{"0":{"start":{"line":1,"column":0},"end":{"line":1,"column":59}},"1":{"start":{"line":4,"column":18},"end":{"line":26,"column":null}},"2":{"start":{"line":7,"column":51},"end":{"line":7,"column":55}},"3":{"start":{"line":8,"column":21},"end":{"line":8,"column":56}},"4":{"start":{"line":11,"column":4},"end":{"line":23,"column":5}},"5":{"start":{"line":13,"column":8},"end":{"line":19,"column":22}},"6":{"start":{"line":21,"column":22},"end":{"line":21,"column":54}},"7":{"start":{"line":22,"column":6},"end":{"line":22,"column":52}},"8":{"start":{"line":25,"column":4},"end":{"line":25,"column":22}},"9":{"start":{"line":30,"column":15},"end":{"line":41,"column":2}},"10":{"start":{"line":44,"column":23},"end":{"line":50,"column":2}},"11":{"start":{"line":45,"column":43},"end":{"line":45,"column":75}},"12":{"start":{"line":46,"column":41},"end":{"line":46,"column":71}},"13":{"start":{"line":47,"column":41},"end":{"line":47,"column":71}},"14":{"start":{"line":48,"column":42},"end":{"line":48,"column":73}},"15":{"start":{"line":49,"column":41},"end":{"line":49,"column":71}},"16":{"start":{"line":52,"column":0},"end":{"line":52,"column":30}}},"fnMap":{"0":{"name":"(anonymous_0)","decl":{"start":{"line":6,"column":16},"end":{"line":6,"column":20}},"loc":{"start":{"line":6,"column":23},"end":{"line":26,"column":3}}},"1":{"name":"(anonymous_1)","decl":{"start":{"line":45,"column":9},"end":{"line":45,"column":10}},"loc":{"start":{"line":45,"column":43},"end":{"line":45,"column":75}}},"2":{"name":"(anonymous_2)","decl":{"start":{"line":46,"column":8},"end":{"line":46,"column":9}},"loc":{"start":{"line":46,"column":41},"end":{"line":46,"column":71}}},"3":{"name":"(anonymous_3)","decl":{"start":{"line":47,"column":8},"end":{"line":47,"column":9}},"loc":{"start":{"line":47,"column":41},"end":{"line":47,"column":71}}},"4":{"name":"(anonymous_4)","decl":{"start":{"line":48,"column":9},"end":{"line":48,"column":10}},"loc":{"start":{"line":48,"column":42},"end":{"line":48,"column":73}}},"5":{"name":"(anonymous_5)","decl":{"start":{"line":49,"column":8},"end":{"line":49,"column":9}},"loc":{"start":{"line":49,"column":41},"end":{"line":49,"column":71}}}},"branchMap":{"0":{"loc":{"start":{"line":11,"column":4},"end":{"line":23,"column":5}},"type":"if","locations":[{"start":{"line":11,"column":4},"end":{"line":23,"column":5}}]},"1":{"loc":{"start":{"line":13,"column":8},"end":{"line":19,"column":22}},"type":"cond-expr","locations":[{"start":{"line":14,"column":12},"end":{"line":18,"column":null}},{"start":{"line":19,"column":12},"end":{"line":19,"column":22}}]},"2":{"loc":{"start":{"line":31,"column":9},"end":{"line":31,"column":65}},"type":"cond-expr","locations":[{"start":{"line":31,"column":49},"end":{"line":31,"column":55}},{"start":{"line":31,"column":58},"end":{"line":31,"column":65}}]}},"s":{"0":0,"1":0,"2":0,"3":0,"4":0,"5":0,"6":0,"7":0,"8":0,"9":0,"10":0,"11":0,"12":0,"13":0,"14":0,"15":0,"16":0},"f":{"0":0,"1":0,"2":0,"3":0,"4":0,"5":0},"b":{"0":[0],"1":[0,0],"2":[0,0]}}
,"/Users/deonsanchez/Code/web-scraper-microservice/src/utils/scraper.utils.ts": {"path":"/Users/deonsanchez/Code/web-scraper-microservice/src/utils/scraper.utils.ts","statementMap":{"0":{"start":{"line":6,"column":29},"end":{"line":13,"column":1}},"1":{"start":{"line":7,"column":2},"end":{"line":12,"column":3}},"2":{"start":{"line":8,"column":19},"end":{"line":8,"column":31}},"3":{"start":{"line":9,"column":4},"end":{"line":9,"column":27}},"4":{"start":{"line":11,"column":4},"end":{"line":11,"column":14}},"5":{"start":{"line":6,"column":13},"end":{"line":6,"column":29}},"6":{"start":{"line":19,"column":34},"end":{"line":29,"column":1}},"7":{"start":{"line":20,"column":21},"end":{"line":26,"column":4}},"8":{"start":{"line":28,"column":2},"end":{"line":28,"column":67}},"9":{"start":{"line":19,"column":13},"end":{"line":19,"column":34}}},"fnMap":{"0":{"name":"(anonymous_0)","decl":{"start":{"line":6,"column":29},"end":{"line":6,"column":30}},"loc":{"start":{"line":6,"column":53},"end":{"line":13,"column":1}}},"1":{"name":"(anonymous_1)","decl":{"start":{"line":19,"column":34},"end":{"line":19,"column":45}},"loc":{"start":{"line":19,"column":47},"end":{"line":29,"column":1}}}},"branchMap":{},"s":{"0":1,"1":6,"2":6,"3":4,"4":2,"5":1,"6":1,"7":102,"8":102,"9":1},"f":{"0":6,"1":102},"b":{}}
}
