{"/Users/deonsanchez/Code/web-scraper-microservice/src/server.ts": {"path":"/Users/deonsanchez/Code/web-scraper-microservice/src/server.ts","statementMap":{"0":{"start":{"line":1,"column":0},"end":{"line":1,"column":30}},"1":{"start":{"line":2,"column":0},"end":{"line":2,"column":24}},"2":{"start":{"line":3,"column":0},"end":{"line":3,"column":28}},"3":{"start":{"line":4,"column":0},"end":{"line":4,"column":28}},"4":{"start":{"line":5,"column":0},"end":{"line":5,"column":61}},"5":{"start":{"line":6,"column":0},"end":{"line":6,"column":30}},"6":{"start":{"line":9,"column":0},"end":{"line":9,"column":16}},"7":{"start":{"line":11,"column":12},"end":{"line":11,"column":21}},"8":{"start":{"line":12,"column":13},"end":{"line":12,"column":37}},"9":{"start":{"line":15,"column":0},"end":{"line":15,"column":18}},"10":{"start":{"line":16,"column":0},"end":{"line":16,"column":16}},"11":{"start":{"line":17,"column":0},"end":{"line":17,"column":24}},"12":{"start":{"line":20,"column":0},"end":{"line":20,"column":29}},"13":{"start":{"line":23,"column":0},"end":{"line":23,"column":24}},"14":{"start":{"line":26,"column":0},"end":{"line":40,"column":2}},"15":{"start":{"line":33,"column":4},"end":{"line":33,"column":29}},"16":{"start":{"line":34,"column":4},"end":{"line":38,"column":7}},"17":{"start":{"line":43,"column":0},"end":{"line":45,"column":3}},"18":{"start":{"line":44,"column":2},"end":{"line":44,"column":51}}},"fnMap":{"0":{"name":"(anonymous_1)","decl":{"start":{"line":27,"column":2},"end":{"line":27,"column":null}},"loc":{"start":{"line":32,"column":6},"end":{"line":39,"column":3}}},"1":{"name":"(anonymous_2)","decl":{"start":{"line":43,"column":17},"end":{"line":43,"column":20}},"loc":{"start":{"line":43,"column":22},"end":{"line":45,"column":1}}}},"branchMap":{"0":{"loc":{"start":{"line":12,"column":13},"end":{"line":12,"column":37}},"type":"binary-expr","locations":[{"start":{"line":12,"column":13},"end":{"line":12,"column":29}},{"start":{"line":12,"column":33},"end":{"line":12,"column":37}}]},"1":{"loc":{"start":{"line":37,"column":13},"end":{"line":37,"column":77}},"type":"cond-expr","locations":[{"start":{"line":37,"column":54},"end":{"line":37,"column":65}},{"start":{"line":37,"column":68},"end":{"line":37,"column":77}}]}},"s":{"0":0,"1":0,"2":0,"3":0,"4":0,"5":0,"6":0,"7":0,"8":0,"9":0,"10":0,"11":0,"12":0,"13":0,"14":0,"15":0,"16":0,"17":0,"18":0},"f":{"0":0,"1":0},"b":{"0":[0,0],"1":[0,0]}}
,"/Users/deonsanchez/Code/web-scraper-microservice/src/controllers/scraper.controller.ts": {"path":"/Users/deonsanchez/Code/web-scraper-microservice/src/controllers/scraper.controller.ts","statementMap":{"0":{"start":{"line":3,"column":0},"end":{"line":3,"column":56}},"1":{"start":{"line":6,"column":19},"end":{"line":13,"column":1}},"2":{"start":{"line":7,"column":2},"end":{"line":12,"column":3}},"3":{"start":{"line":8,"column":4},"end":{"line":8,"column":17}},"4":{"start":{"line":9,"column":4},"end":{"line":9,"column":16}},"5":{"start":{"line":11,"column":4},"end":{"line":11,"column":17}},"6":{"start":{"line":15,"column":29},"end":{"line":49,"column":1}},"7":{"start":{"line":20,"column":2},"end":{"line":48,"column":3}},"8":{"start":{"line":21,"column":20},"end":{"line":21,"column":28}},"9":{"start":{"line":24,"column":4},"end":{"line":29,"column":5}},"10":{"start":{"line":25,"column":6},"end":{"line":28,"column":9}},"11":{"start":{"line":32,"column":4},"end":{"line":37,"column":5}},"12":{"start":{"line":33,"column":6},"end":{"line":36,"column":9}},"13":{"start":{"line":40,"column":24},"end":{"line":40,"column":44}},"14":{"start":{"line":42,"column":4},"end":{"line":45,"column":7}},"15":{"start":{"line":47,"column":4},"end":{"line":47,"column":16}},"16":{"start":{"line":15,"column":13},"end":{"line":15,"column":29}}},"fnMap":{"0":{"name":"(anonymous_0)","decl":{"start":{"line":6,"column":19},"end":{"line":6,"column":20}},"loc":{"start":{"line":6,"column":44},"end":{"line":13,"column":1}}},"1":{"name":"(anonymous_1)","decl":{"start":{"line":15,"column":29},"end":{"line":15,"column":34}},"loc":{"start":{"line":19,"column":4},"end":{"line":49,"column":1}}}},"branchMap":{"0":{"loc":{"start":{"line":24,"column":4},"end":{"line":29,"column":5}},"type":"if","locations":[{"start":{"line":24,"column":4},"end":{"line":29,"column":5}}]},"1":{"loc":{"start":{"line":32,"column":4},"end":{"line":37,"column":5}},"type":"if","locations":[{"start":{"line":32,"column":4},"end":{"line":37,"column":5}}]}},"s":{"0":0,"1":0,"2":0,"3":0,"4":0,"5":0,"6":0,"7":0,"8":0,"9":0,"10":0,"11":0,"12":0,"13":0,"14":0,"15":0,"16":0},"f":{"0":0,"1":0},"b":{"0":[0],"1":[0]}}
,"/Users/deonsanchez/Code/web-scraper-microservice/src/middlewares/rateLimit.middleware.ts": {"path":"/Users/deonsanchez/Code/web-scraper-microservice/src/middlewares/rateLimit.middleware.ts","statementMap":{"0":{"start":{"line":4,"column":76},"end":{"line":4,"column":78}},"1":{"start":{"line":5,"column":18},"end":{"line":5,"column":27}},"2":{"start":{"line":6,"column":21},"end":{"line":6,"column":23}},"3":{"start":{"line":8,"column":20},"end":{"line":35,"column":1}},"4":{"start":{"line":9,"column":13},"end":{"line":9,"column":32}},"5":{"start":{"line":10,"column":14},"end":{"line":10,"column":24}},"6":{"start":{"line":13,"column":2},"end":{"line":20,"column":3}},"7":{"start":{"line":14,"column":4},"end":{"line":17,"column":6}},"8":{"start":{"line":18,"column":4},"end":{"line":18,"column":11}},"9":{"start":{"line":19,"column":4},"end":{"line":19,"column":11}},"10":{"start":{"line":23,"column":2},"end":{"line":23,"column":28}},"11":{"start":{"line":26,"column":2},"end":{"line":32,"column":3}},"12":{"start":{"line":27,"column":4},"end":{"line":30,"column":7}},"13":{"start":{"line":31,"column":4},"end":{"line":31,"column":11}},"14":{"start":{"line":34,"column":2},"end":{"line":34,"column":9}},"15":{"start":{"line":37,"column":0},"end":{"line":37,"column":27}}},"fnMap":{"0":{"name":"(anonymous_0)","decl":{"start":{"line":8,"column":20},"end":{"line":8,"column":21}},"loc":{"start":{"line":8,"column":78},"end":{"line":35,"column":1}}}},"branchMap":{"0":{"loc":{"start":{"line":9,"column":13},"end":{"line":9,"column":32}},"type":"binary-expr","locations":[{"start":{"line":9,"column":13},"end":{"line":9,"column":19}},{"start":{"line":9,"column":23},"end":{"line":9,"column":32}}]},"1":{"loc":{"start":{"line":13,"column":2},"end":{"line":20,"column":3}},"type":"if","locations":[{"start":{"line":13,"column":2},"end":{"line":20,"column":3}}]},"2":{"loc":{"start":{"line":13,"column":6},"end":{"line":13,"column":61}},"type":"binary-expr","locations":[{"start":{"line":13,"column":6},"end":{"line":13,"column":24}},{"start":{"line":13,"column":28},"end":{"line":13,"column":61}}]},"3":{"loc":{"start":{"line":26,"column":2},"end":{"line":32,"column":3}},"type":"if","locations":[{"start":{"line":26,"column":2},"end":{"line":32,"column":3}}]}},"s":{"0":0,"1":0,"2":0,"3":0,"4":0,"5":0,"6":0,"7":0,"8":0,"9":0,"10":0,"11":0,"12":0,"13":0,"14":0,"15":0},"f":{"0":0},"b":{"0":[0,0],"1":[0],"2":[0,0],"3":[0]}}
,"/Users/deonsanchez/Code/web-scraper-microservice/src/routes/index.ts": {"path":"/Users/deonsanchez/Code/web-scraper-microservice/src/routes/index.ts","statementMap":{"0":{"start":{"line":1,"column":0},"end":{"line":1,"column":30}},"1":{"start":{"line":2,"column":0},"end":{"line":2,"column":45}},"2":{"start":{"line":4,"column":15},"end":{"line":4,"column":31}},"3":{"start":{"line":6,"column":0},"end":{"line":6,"column":38}},"4":{"start":{"line":8,"column":0},"end":{"line":8,"column":22}}},"fnMap":{},"branchMap":{},"s":{"0":0,"1":0,"2":0,"3":0,"4":0},"f":{},"b":{}}
,"/Users/deonsanchez/Code/web-scraper-microservice/src/routes/scraper.routes.ts": {"path":"/Users/deonsanchez/Code/web-scraper-microservice/src/routes/scraper.routes.ts","statementMap":{"0":{"start":{"line":1,"column":0},"end":{"line":1,"column":42}},"1":{"start":{"line":2,"column":0},"end":{"line":2,"column":66}},"2":{"start":{"line":3,"column":23},"end":{"line":3,"column":39}},"3":{"start":{"line":6,"column":0},"end":{"line":6,"column":32}},"4":{"start":{"line":8,"column":0},"end":{"line":8,"column":22}}},"fnMap":{},"branchMap":{},"s":{"0":0,"1":0,"2":0,"3":0,"4":0},"f":{},"b":{}}
,"/Users/deonsanchez/Code/web-scraper-microservice/src/services/scraper.service.ts": {"path":"/Users/deonsanchez/Code/web-scraper-microservice/src/services/scraper.service.ts","statementMap":{"0":{"start":{"line":1,"column":0},"end":{"line":1,"column":34}},"1":{"start":{"line":2,"column":0},"end":{"line":2,"column":75}},"2":{"start":{"line":9,"column":25},"end":{"line":241,"column":1}},"3":{"start":{"line":11,"column":2},"end":{"line":240,"column":3}},"4":{"start":{"line":13,"column":4},"end":{"line":16,"column":7}},"5":{"start":{"line":19,"column":17},"end":{"line":19,"column":40}},"6":{"start":{"line":22,"column":4},"end":{"line":22,"column":50}},"7":{"start":{"line":25,"column":4},"end":{"line":25,"column":57}},"8":{"start":{"line":28,"column":4},"end":{"line":33,"column":7}},"9":{"start":{"line":29,"column":6},"end":{"line":31,"column":8}},"10":{"start":{"line":32,"column":6},"end":{"line":32,"column":29}},"11":{"start":{"line":36,"column":4},"end":{"line":36,"column":56}},"12":{"start":{"line":39,"column":4},"end":{"line":65,"column":5}},"13":{"start":{"line":41,"column":30},"end":{"line":50,"column":8}},"14":{"start":{"line":53,"column":6},"end":{"line":61,"column":7}},"15":{"start":{"line":54,"column":8},"end":{"line":60,"column":9}},"16":{"start":{"line":55,"column":10},"end":{"line":57,"column":70}},"17":{"start":{"line":57,"column":25},"end":{"line":57,"column":68}},"18":{"start":{"line":59,"column":10},"end":{"line":59,"column":65}},"19":{"start":{"line":59,"column":39},"end":{"line":59,"column":63}},"20":{"start":{"line":63,"column":6},"end":{"line":63,"column":59}},"21":{"start":{"line":68,"column":23},"end":{"line":135,"column":6}},"22":{"start":{"line":70,"column":23},"end":{"line":70,"column":69}},"23":{"start":{"line":71,"column":29},"end":{"line":81,"column":8}},"24":{"start":{"line":83,"column":6},"end":{"line":85,"column":7}},"25":{"start":{"line":83,"column":40},"end":{"line":83,"column":65}},"26":{"start":{"line":84,"column":8},"end":{"line":84,"column":20}},"27":{"start":{"line":88,"column":6},"end":{"line":94,"column":7}},"28":{"start":{"line":93,"column":8},"end":{"line":93,"column":20}},"29":{"start":{"line":96,"column":6},"end":{"line":102,"column":7}},"30":{"start":{"line":101,"column":8},"end":{"line":101,"column":20}},"31":{"start":{"line":105,"column":23},"end":{"line":116,"column":8}},"32":{"start":{"line":108,"column":22},"end":{"line":108,"column":49}},"33":{"start":{"line":109,"column":8},"end":{"line":115,"column":10}},"34":{"start":{"line":118,"column":6},"end":{"line":132,"column":7}},"35":{"start":{"line":119,"column":21},"end":{"line":119,"column":61}},"36":{"start":{"line":120,"column":29},"end":{"line":127,"column":10}},"37":{"start":{"line":129,"column":8},"end":{"line":131,"column":9}},"38":{"start":{"line":129,"column":38},"end":{"line":129,"column":57}},"39":{"start":{"line":130,"column":10},"end":{"line":130,"column":22}},"40":{"start":{"line":134,"column":6},"end":{"line":134,"column":19}},"41":{"start":{"line":137,"column":4},"end":{"line":141,"column":5}},"42":{"start":{"line":138,"column":6},"end":{"line":140,"column":8}},"43":{"start":{"line":144,"column":18},"end":{"line":144,"column":36}},"44":{"start":{"line":147,"column":24},"end":{"line":147,"column":74}},"45":{"start":{"line":147,"column":50},"end":{"line":147,"column":73}},"46":{"start":{"line":150,"column":19},"end":{"line":218,"column":6}},"47":{"start":{"line":152,"column":24},"end":{"line":152,"column":68}},"48":{"start":{"line":155,"column":29},"end":{"line":210,"column":8}},"49":{"start":{"line":156,"column":20},"end":{"line":156,"column":41}},"50":{"start":{"line":157,"column":20},"end":{"line":157,"column":49}},"51":{"start":{"line":158,"column":24},"end":{"line":158,"column":51}},"52":{"start":{"line":159,"column":19},"end":{"line":159,"column":39}},"53":{"start":{"line":162,"column":21},"end":{"line":162,"column":38}},"54":{"start":{"line":163,"column":30},"end":{"line":163,"column":35}},"55":{"start":{"line":164,"column":20},"end":{"line":164,"column":21}},"56":{"start":{"line":167,"column":8},"end":{"line":184,"column":9}},"57":{"start":{"line":168,"column":32},"end":{"line":168,"column":62}},"58":{"start":{"line":169,"column":27},"end":{"line":169,"column":50}},"59":{"start":{"line":171,"column":10},"end":{"line":180,"column":11}},"60":{"start":{"line":178,"column":12},"end":{"line":178,"column":35}},"61":{"start":{"line":179,"column":12},"end":{"line":179,"column":18}},"62":{"start":{"line":182,"column":10},"end":{"line":182,"column":40}},"63":{"start":{"line":183,"column":10},"end":{"line":183,"column":18}},"64":{"start":{"line":189,"column":10},"end":{"line":206,"column":25}},"65":{"start":{"line":209,"column":8},"end":{"line":209,"column":27}},"66":{"start":{"line":212,"column":6},"end":{"line":217,"column":10}},"67":{"start":{"line":212,"column":40},"end":{"line":217,"column":8}},"68":{"start":{"line":220,"column":4},"end":{"line":227,"column":6}},"69":{"start":{"line":229,"column":4},"end":{"line":229,"column":48}},"70":{"start":{"line":230,"column":4},"end":{"line":234,"column":6}},"71":{"start":{"line":237,"column":4},"end":{"line":239,"column":5}},"72":{"start":{"line":238,"column":6},"end":{"line":238,"column":28}},"73":{"start":{"line":9,"column":13},"end":{"line":9,"column":25}}},"fnMap":{"0":{"name":"(anonymous_1)","decl":{"start":{"line":9,"column":25},"end":{"line":9,"column":30}},"loc":{"start":{"line":9,"column":47},"end":{"line":241,"column":1}}},"1":{"name":"(anonymous_2)","decl":{"start":{"line":28,"column":22},"end":{"line":28,"column":27}},"loc":{"start":{"line":28,"column":37},"end":{"line":33,"column":5}}},"2":{"name":"(anonymous_3)","decl":{"start":{"line":57,"column":19},"end":{"line":57,"column":22}},"loc":{"start":{"line":57,"column":25},"end":{"line":57,"column":68}}},"3":{"name":"(anonymous_4)","decl":{"start":{"line":59,"column":28},"end":{"line":59,"column":35}},"loc":{"start":{"line":59,"column":39},"end":{"line":59,"column":63}}},"4":{"name":"(anonymous_5)","decl":{"start":{"line":68,"column":43},"end":{"line":68,"column":46}},"loc":{"start":{"line":68,"column":48},"end":{"line":135,"column":5}}},"5":{"name":"(anonymous_6)","decl":{"start":{"line":83,"column":30},"end":{"line":83,"column":36}},"loc":{"start":{"line":83,"column":40},"end":{"line":83,"column":65}}},"6":{"name":"(anonymous_7)","decl":{"start":{"line":107,"column":15},"end":{"line":107,"column":17}},"loc":{"start":{"line":107,"column":20},"end":{"line":116,"column":7}}},"7":{"name":"(anonymous_8)","decl":{"start":{"line":129,"column":30},"end":{"line":129,"column":34}},"loc":{"start":{"line":129,"column":38},"end":{"line":129,"column":57}}},"8":{"name":"(anonymous_9)","decl":{"start":{"line":147,"column":44},"end":{"line":147,"column":47}},"loc":{"start":{"line":147,"column":50},"end":{"line":147,"column":73}}},"9":{"name":"(anonymous_10)","decl":{"start":{"line":150,"column":39},"end":{"line":150,"column":42}},"loc":{"start":{"line":150,"column":44},"end":{"line":218,"column":5}}},"10":{"name":"(anonymous_11)","decl":{"start":{"line":155,"column":46},"end":{"line":155,"column":49}},"loc":{"start":{"line":155,"column":52},"end":{"line":210,"column":7}}},"11":{"name":"(anonymous_12)","decl":{"start":{"line":212,"column":32},"end":{"line":212,"column":35}},"loc":{"start":{"line":212,"column":40},"end":{"line":217,"column":8}}}},"branchMap":{"0":{"loc":{"start":{"line":54,"column":8},"end":{"line":60,"column":9}},"type":"if","locations":[{"start":{"line":54,"column":8},"end":{"line":60,"column":9}}]},"1":{"loc":{"start":{"line":70,"column":23},"end":{"line":70,"column":69}},"type":"binary-expr","locations":[{"start":{"line":70,"column":23},"end":{"line":70,"column":63}},{"start":{"line":70,"column":67},"end":{"line":70,"column":69}}]},"2":{"loc":{"start":{"line":83,"column":6},"end":{"line":85,"column":7}},"type":"if","locations":[{"start":{"line":83,"column":6},"end":{"line":85,"column":7}}]},"3":{"loc":{"start":{"line":88,"column":6},"end":{"line":94,"column":7}},"type":"if","locations":[{"start":{"line":88,"column":6},"end":{"line":94,"column":7}}]},"4":{"loc":{"start":{"line":96,"column":6},"end":{"line":102,"column":7}},"type":"if","locations":[{"start":{"line":96,"column":6},"end":{"line":102,"column":7}}]},"5":{"loc":{"start":{"line":110,"column":10},"end":{"line":114,"column":66}},"type":"binary-expr","locations":[{"start":{"line":110,"column":11},"end":{"line":110,"column":37}},{"start":{"line":110,"column":41},"end":{"line":110,"column":70}},{"start":{"line":111,"column":10},"end":{"line":111,"column":33}},{"start":{"line":112,"column":10},"end":{"line":112,"column":43}},{"start":{"line":113,"column":11},"end":{"line":113,"column":62}},{"start":{"line":114,"column":12},"end":{"line":114,"column":65}}]},"6":{"loc":{"start":{"line":119,"column":21},"end":{"line":119,"column":61}},"type":"binary-expr","locations":[{"start":{"line":119,"column":21},"end":{"line":119,"column":55}},{"start":{"line":119,"column":59},"end":{"line":119,"column":61}}]},"7":{"loc":{"start":{"line":129,"column":8},"end":{"line":131,"column":9}},"type":"if","locations":[{"start":{"line":129,"column":8},"end":{"line":131,"column":9}}]},"8":{"loc":{"start":{"line":137,"column":4},"end":{"line":141,"column":5}},"type":"if","locations":[{"start":{"line":137,"column":4},"end":{"line":141,"column":5}}]},"9":{"loc":{"start":{"line":157,"column":21},"end":{"line":157,"column":34}},"type":"binary-expr","locations":[{"start":{"line":157,"column":21},"end":{"line":157,"column":28}},{"start":{"line":157,"column":32},"end":{"line":157,"column":34}}]},"10":{"loc":{"start":{"line":167,"column":15},"end":{"line":167,"column":34}},"type":"binary-expr","locations":[{"start":{"line":167,"column":15},"end":{"line":167,"column":21}},{"start":{"line":167,"column":25},"end":{"line":167,"column":34}}]},"11":{"loc":{"start":{"line":171,"column":10},"end":{"line":180,"column":11}},"type":"if","locations":[{"start":{"line":171,"column":10},"end":{"line":180,"column":11}}]},"12":{"loc":{"start":{"line":172,"column":12},"end":{"line":176,"column":46}},"type":"binary-expr","locations":[{"start":{"line":172,"column":12},"end":{"line":172,"column":64}},{"start":{"line":173,"column":12},"end":{"line":173,"column":59}},{"start":{"line":174,"column":12},"end":{"line":174,"column":42}},{"start":{"line":175,"column":12},"end":{"line":175,"column":53}},{"start":{"line":176,"column":12},"end":{"line":176,"column":46}}]},"13":{"loc":{"start":{"line":189,"column":10},"end":{"line":206,"column":25}},"type":"binary-expr","locations":[{"start":{"line":189,"column":10},"end":{"line":189,"column":31}},{"start":{"line":190,"column":10},"end":{"line":190,"column":36}},{"start":{"line":191,"column":10},"end":{"line":191,"column":33}},{"start":{"line":192,"column":10},"end":{"line":192,"column":39}},{"start":{"line":193,"column":10},"end":{"line":193,"column":32}},{"start":{"line":194,"column":10},"end":{"line":194,"column":40}},{"start":{"line":195,"column":10},"end":{"line":195,"column":35}},{"start":{"line":196,"column":10},"end":{"line":196,"column":44}},{"start":{"line":198,"column":10},"end":{"line":198,"column":39}},{"start":{"line":199,"column":10},"end":{"line":199,"column":33}},{"start":{"line":201,"column":10},"end":{"line":201,"column":56}},{"start":{"line":202,"column":10},"end":{"line":202,"column":51}},{"start":{"line":204,"column":11},"end":{"line":204,"column":26}},{"start":{"line":204,"column":30},"end":{"line":204,"column":46}},{"start":{"line":206,"column":10},"end":{"line":206,"column":25}}]},"14":{"loc":{"start":{"line":232,"column":8},"end":{"line":232,"column":null}},"type":"cond-expr","locations":[{"start":{"line":232,"column":33},"end":{"line":232,"column":46}},{"start":{"line":232,"column":49},"end":{"line":232,"column":null}}]},"15":{"loc":{"start":{"line":237,"column":4},"end":{"line":239,"column":5}},"type":"if","locations":[{"start":{"line":237,"column":4},"end":{"line":239,"column":5}}]}},"s":{"0":1,"1":1,"2":1,"3":7,"4":7,"5":7,"6":7,"7":7,"8":7,"9":1,"10":1,"11":7,"12":6,"13":6,"14":6,"15":48,"16":12,"17":0,"18":12,"19":12,"20":0,"21":6,"22":0,"23":0,"24":0,"25":0,"26":0,"27":0,"28":0,"29":0,"30":0,"31":0,"32":0,"33":0,"34":0,"35":0,"36":0,"37":0,"38":0,"39":0,"40":0,"41":6,"42":1,"43":6,"44":5,"45":0,"46":5,"47":0,"48":0,"49":0,"50":0,"51":0,"52":0,"53":0,"54":0,"55":0,"56":0,"57":0,"58":0,"59":0,"60":0,"61":0,"62":0,"63":0,"64":0,"65":0,"66":0,"67":0,"68":5,"69":2,"70":2,"71":7,"72":7,"73":1},"f":{"0":7,"1":1,"2":0,"3":12,"4":0,"5":0,"6":0,"7":0,"8":0,"9":0,"10":0,"11":0},"b":{"0":[12],"1":[0,0],"2":[0],"3":[0],"4":[0],"5":[0,0,0,0,0,0],"6":[0,0],"7":[0],"8":[1],"9":[0,0],"10":[0,0],"11":[0],"12":[0,0,0,0,0],"13":[0,0,0,0,0,0,0,0,0,0,0,0,0,0,0],"14":[2,0],"15":[7]}}
,"/Users/deonsanchez/Code/web-scraper-microservice/src/utils/scraper.utils.ts": {"path":"/Users/deonsanchez/Code/web-scraper-microservice/src/utils/scraper.utils.ts","statementMap":{"0":{"start":{"line":6,"column":29},"end":{"line":13,"column":1}},"1":{"start":{"line":7,"column":2},"end":{"line":12,"column":3}},"2":{"start":{"line":8,"column":19},"end":{"line":8,"column":31}},"3":{"start":{"line":9,"column":4},"end":{"line":9,"column":27}},"4":{"start":{"line":11,"column":4},"end":{"line":11,"column":14}},"5":{"start":{"line":6,"column":13},"end":{"line":6,"column":29}},"6":{"start":{"line":19,"column":34},"end":{"line":29,"column":1}},"7":{"start":{"line":20,"column":21},"end":{"line":26,"column":4}},"8":{"start":{"line":28,"column":2},"end":{"line":28,"column":67}},"9":{"start":{"line":19,"column":13},"end":{"line":19,"column":34}}},"fnMap":{"0":{"name":"(anonymous_0)","decl":{"start":{"line":6,"column":29},"end":{"line":6,"column":30}},"loc":{"start":{"line":6,"column":53},"end":{"line":13,"column":1}}},"1":{"name":"(anonymous_1)","decl":{"start":{"line":19,"column":34},"end":{"line":19,"column":45}},"loc":{"start":{"line":19,"column":47},"end":{"line":29,"column":1}}}},"branchMap":{},"s":{"0":1,"1":6,"2":6,"3":4,"4":2,"5":1,"6":1,"7":102,"8":102,"9":1},"f":{"0":6,"1":102},"b":{}}
}
