TN:
SF:src/server.ts
FN:27,(anonymous_1)
FN:43,(anonymous_2)
FNF:2
FNH:0
FNDA:0,(anonymous_1)
FNDA:0,(anonymous_2)
DA:1,0
DA:2,0
DA:3,0
DA:4,0
DA:5,0
DA:6,0
DA:9,0
DA:11,0
DA:12,0
DA:15,0
DA:16,0
DA:17,0
DA:20,0
DA:23,0
DA:26,0
DA:33,0
DA:34,0
DA:43,0
DA:44,0
LF:19
LH:0
BRDA:12,0,0,0
BRDA:12,0,1,0
BRDA:37,1,0,0
BRDA:37,1,1,0
BRF:4
BRH:0
end_of_record
TN:
SF:src/controllers/scraper.controller.ts
FN:6,(anonymous_0)
FN:15,(anonymous_1)
FNF:2
FNH:0
FNDA:0,(anonymous_0)
FNDA:0,(anonymous_1)
DA:3,0
DA:6,0
DA:7,0
DA:8,0
DA:9,0
DA:11,0
DA:15,0
DA:20,0
DA:21,0
DA:24,0
DA:25,0
DA:32,0
DA:33,0
DA:40,0
DA:42,0
DA:47,0
LF:16
LH:0
BRDA:24,0,0,0
BRDA:32,1,0,0
BRF:2
BRH:0
end_of_record
TN:
SF:src/middlewares/rateLimit.middleware.ts
FN:8,(anonymous_0)
FNF:1
FNH:0
FNDA:0,(anonymous_0)
DA:4,0
DA:5,0
DA:6,0
DA:8,0
DA:9,0
DA:10,0
DA:13,0
DA:14,0
DA:18,0
DA:19,0
DA:23,0
DA:26,0
DA:27,0
DA:31,0
DA:34,0
DA:37,0
LF:16
LH:0
BRDA:9,0,0,0
BRDA:9,0,1,0
BRDA:13,1,0,0
BRDA:13,2,0,0
BRDA:13,2,1,0
BRDA:26,3,0,0
BRF:6
BRH:0
end_of_record
TN:
SF:src/routes/index.ts
FNF:0
FNH:0
DA:1,0
DA:2,0
DA:4,0
DA:6,0
DA:8,0
LF:5
LH:0
BRF:0
BRH:0
end_of_record
TN:
SF:src/routes/scraper.routes.ts
FNF:0
FNH:0
DA:1,0
DA:2,0
DA:3,0
DA:6,0
DA:8,0
LF:5
LH:0
BRF:0
BRH:0
end_of_record
TN:
SF:src/services/scraper.service.ts
FN:9,(anonymous_1)
FN:28,(anonymous_2)
FN:57,(anonymous_3)
FN:59,(anonymous_4)
FN:68,(anonymous_5)
FN:83,(anonymous_6)
FN:107,(anonymous_7)
FN:129,(anonymous_8)
FN:147,(anonymous_9)
FN:150,(anonymous_10)
FN:155,(anonymous_11)
FN:212,(anonymous_12)
FNF:12
FNH:3
FNDA:7,(anonymous_1)
FNDA:1,(anonymous_2)
FNDA:0,(anonymous_3)
FNDA:12,(anonymous_4)
FNDA:0,(anonymous_5)
FNDA:0,(anonymous_6)
FNDA:0,(anonymous_7)
FNDA:0,(anonymous_8)
FNDA:0,(anonymous_9)
FNDA:0,(anonymous_10)
FNDA:0,(anonymous_11)
FNDA:0,(anonymous_12)
DA:1,1
DA:2,1
DA:9,1
DA:11,7
DA:13,7
DA:19,7
DA:22,7
DA:25,7
DA:28,7
DA:29,1
DA:32,1
DA:36,7
DA:39,6
DA:41,6
DA:53,6
DA:54,48
DA:55,12
DA:57,0
DA:59,12
DA:63,0
DA:68,6
DA:70,0
DA:71,0
DA:83,0
DA:84,0
DA:88,0
DA:93,0
DA:96,0
DA:101,0
DA:105,0
DA:108,0
DA:109,0
DA:118,0
DA:119,0
DA:120,0
DA:129,0
DA:130,0
DA:134,0
DA:137,6
DA:138,1
DA:144,6
DA:147,5
DA:150,5
DA:152,0
DA:155,0
DA:156,0
DA:157,0
DA:158,0
DA:159,0
DA:162,0
DA:163,0
DA:164,0
DA:167,0
DA:168,0
DA:169,0
DA:171,0
DA:178,0
DA:179,0
DA:182,0
DA:183,0
DA:189,0
DA:209,0
DA:212,0
DA:220,5
DA:229,2
DA:230,2
DA:237,7
DA:238,7
LF:68
LH:29
BRDA:54,0,0,12
BRDA:70,1,0,0
BRDA:70,1,1,0
BRDA:83,2,0,0
BRDA:88,3,0,0
BRDA:96,4,0,0
BRDA:110,5,0,0
BRDA:110,5,1,0
BRDA:110,5,2,0
BRDA:110,5,3,0
BRDA:110,5,4,0
BRDA:110,5,5,0
BRDA:119,6,0,0
BRDA:119,6,1,0
BRDA:129,7,0,0
BRDA:137,8,0,1
BRDA:157,9,0,0
BRDA:157,9,1,0
BRDA:167,10,0,0
BRDA:167,10,1,0
BRDA:171,11,0,0
BRDA:172,12,0,0
BRDA:172,12,1,0
BRDA:172,12,2,0
BRDA:172,12,3,0
BRDA:172,12,4,0
BRDA:189,13,0,0
BRDA:189,13,1,0
BRDA:189,13,2,0
BRDA:189,13,3,0
BRDA:189,13,4,0
BRDA:189,13,5,0
BRDA:189,13,6,0
BRDA:189,13,7,0
BRDA:189,13,8,0
BRDA:189,13,9,0
BRDA:189,13,10,0
BRDA:189,13,11,0
BRDA:189,13,12,0
BRDA:189,13,13,0
BRDA:189,13,14,0
BRDA:232,14,0,2
BRDA:232,14,1,0
BRDA:237,15,0,7
BRF:44
BRH:4
end_of_record
TN:
SF:src/utils/scraper.utils.ts
FN:6,(anonymous_0)
FN:19,(anonymous_1)
FNF:2
FNH:2
FNDA:6,(anonymous_0)
FNDA:102,(anonymous_1)
DA:6,1
DA:7,6
DA:8,6
DA:9,4
DA:11,2
DA:19,1
DA:20,102
DA:28,102
LF:8
LH:8
BRF:0
BRH:0
end_of_record
