TN:
SF:src/server.ts
FN:27,(anonymous_1)
FN:43,(anonymous_2)
FNF:2
FNH:0
FNDA:0,(anonymous_1)
FNDA:0,(anonymous_2)
DA:1,0
DA:2,0
DA:3,0
DA:4,0
DA:5,0
DA:6,0
DA:9,0
DA:11,0
DA:12,0
DA:15,0
DA:16,0
DA:17,0
DA:20,0
DA:23,0
DA:26,0
DA:33,0
DA:34,0
DA:43,0
DA:44,0
LF:19
LH:0
BRDA:12,0,0,0
BRDA:12,0,1,0
BRDA:37,1,0,0
BRDA:37,1,1,0
BRF:4
BRH:0
end_of_record
TN:
SF:src/controllers/scraper.controller.ts
FN:6,(anonymous_0)
FN:15,(anonymous_1)
FNF:2
FNH:0
FNDA:0,(anonymous_0)
FNDA:0,(anonymous_1)
DA:3,0
DA:6,0
DA:7,0
DA:8,0
DA:9,0
DA:11,0
DA:15,0
DA:20,0
DA:21,0
DA:24,0
DA:25,0
DA:32,0
DA:33,0
DA:40,0
DA:42,0
DA:47,0
LF:16
LH:0
BRDA:24,0,0,0
BRDA:32,1,0,0
BRF:2
BRH:0
end_of_record
TN:
SF:src/middlewares/rateLimit.middleware.ts
FN:8,(anonymous_0)
FNF:1
FNH:0
FNDA:0,(anonymous_0)
DA:4,0
DA:5,0
DA:6,0
DA:8,0
DA:9,0
DA:10,0
DA:13,0
DA:14,0
DA:18,0
DA:19,0
DA:23,0
DA:26,0
DA:27,0
DA:31,0
DA:34,0
DA:37,0
LF:16
LH:0
BRDA:9,0,0,0
BRDA:9,0,1,0
BRDA:13,1,0,0
BRDA:13,2,0,0
BRDA:13,2,1,0
BRDA:26,3,0,0
BRF:6
BRH:0
end_of_record
TN:
SF:src/routes/index.ts
FNF:0
FNH:0
DA:1,0
DA:2,0
DA:4,0
DA:6,0
DA:8,0
LF:5
LH:0
BRF:0
BRH:0
end_of_record
TN:
SF:src/routes/scraper.routes.ts
FNF:0
FNH:0
DA:1,0
DA:2,0
DA:3,0
DA:6,0
DA:8,0
LF:5
LH:0
BRF:0
BRH:0
end_of_record
TN:
SF:src/services/scraper.service.ts
FN:9,(anonymous_1)
FN:28,(anonymous_2)
FN:57,(anonymous_3)
FN:59,(anonymous_4)
FN:68,(anonymous_5)
FN:83,(anonymous_6)
FN:107,(anonymous_7)
FN:129,(anonymous_8)
FN:154,(anonymous_9)
FN:157,(anonymous_10)
FN:158,(anonymous_11)
FN:165,(anonymous_12)
FN:166,(anonymous_13)
FN:174,(anonymous_14)
FN:175,(anonymous_15)
FNF:15
FNH:3
FNDA:6,(anonymous_1)
FNDA:1,(anonymous_2)
FNDA:0,(anonymous_3)
FNDA:9,(anonymous_4)
FNDA:0,(anonymous_5)
FNDA:0,(anonymous_6)
FNDA:0,(anonymous_7)
FNDA:0,(anonymous_8)
FNDA:0,(anonymous_9)
FNDA:0,(anonymous_10)
FNDA:0,(anonymous_11)
FNDA:0,(anonymous_12)
FNDA:0,(anonymous_13)
FNDA:0,(anonymous_14)
FNDA:0,(anonymous_15)
DA:1,1
DA:2,1
DA:9,1
DA:11,6
DA:13,6
DA:19,6
DA:22,6
DA:25,6
DA:28,6
DA:29,1
DA:32,1
DA:36,6
DA:39,5
DA:41,5
DA:53,5
DA:54,40
DA:55,9
DA:57,0
DA:59,9
DA:63,0
DA:68,5
DA:70,0
DA:71,0
DA:83,0
DA:84,0
DA:88,0
DA:93,0
DA:96,0
DA:101,0
DA:105,0
DA:108,0
DA:109,0
DA:118,0
DA:119,0
DA:120,0
DA:129,0
DA:130,0
DA:134,0
DA:137,5
DA:138,1
DA:139,1
DA:148,4
DA:151,3
DA:154,3
DA:157,3
DA:158,0
DA:165,3
DA:166,0
DA:174,3
DA:175,0
DA:183,3
DA:194,2
DA:195,2
DA:202,6
DA:203,6
LF:55
LH:33
BRDA:54,0,0,9
BRDA:70,1,0,0
BRDA:70,1,1,0
BRDA:83,2,0,0
BRDA:88,3,0,0
BRDA:96,4,0,0
BRDA:110,5,0,0
BRDA:110,5,1,0
BRDA:110,5,2,0
BRDA:110,5,3,0
BRDA:110,5,4,0
BRDA:110,5,5,0
BRDA:119,6,0,0
BRDA:119,6,1,0
BRDA:129,7,0,0
BRDA:137,8,0,1
BRDA:159,9,0,0
BRDA:159,9,1,0
BRDA:197,10,0,2
BRDA:197,10,1,0
BRDA:202,11,0,6
BRF:21
BRH:4
end_of_record
TN:
SF:src/utils/scraper.utils.ts
FN:6,(anonymous_0)
FN:19,(anonymous_1)
FNF:2
FNH:2
FNDA:6,(anonymous_0)
FNDA:102,(anonymous_1)
DA:6,1
DA:7,6
DA:8,6
DA:9,4
DA:11,2
DA:19,1
DA:20,102
DA:28,102
LF:8
LH:8
BRF:0
BRH:0
end_of_record
